<?xml version="1.0" encoding="UTF-8"?>
<testng-results ignored="0" total="1" passed="1" failed="0" skipped="0">
  <reporter-output>
  </reporter-output>
  <suite started-at="2023-04-26T11:28:16 IST" name="Default suite" finished-at="2023-04-26T11:28:22 IST" duration-ms="5848">
    <groups>
    </groups>
    <test started-at="2023-04-26T11:28:16 IST" name="Default test" finished-at="2023-04-26T11:28:22 IST" duration-ms="5848">
      <class name="getRequest.GetData">
        <test-method signature="testResponseCode()[pri:0, instance:getRequest.GetData@5fbdfdcf]" started-at="2023-04-26T11:28:16 IST" name="testResponseCode" finished-at="2023-04-26T11:28:22 IST" duration-ms="5764" status="PASS">
          <reporter-output>
          </reporter-output>
        </test-method> <!-- testResponseCode -->
      </class> <!-- getRequest.GetData -->
    </test> <!-- Default test -->
  </suite> <!-- Default suite -->
</testng-results>
